2019-05-14 15:07:13,336 [Worker-8] DEBUG class java.lang.Class - Starting Andmore Common Plugin...
2019-05-14 15:07:13,336 [Worker-8] DEBUG class java.lang.Class - Andmore Common Plugin started.
2019-05-14 15:07:13,337 [Worker-8] DEBUG class java.lang.Class - Starting Andmore Plugin...
2019-05-14 15:07:13,340 [Worker-8] DEBUG class java.lang.Class - Andmore Plugin started.
2019-05-14 15:07:13,387 [Worker-8] DEBUG class java.lang.Class - Starting Andmore Emulator Plugin...
2019-05-14 15:07:13,435 [Worker-8] DEBUG class java.lang.Class - Andmore Emulator Plugin started.
2019-05-14 15:07:13,489 [Worker-8] DEBUG class java.lang.Class - Starting Andmore Handset Plugin...
2019-05-14 15:07:13,489 [Worker-8] DEBUG class java.lang.Class - Andmore Handset Plugin started.
2019-05-14 15:07:13,498 [Worker-8] DEBUG class java.lang.Class - Starting Andmore Remote Device Plugin...
2019-05-14 15:07:13,500 [Worker-8] DEBUG class java.lang.Class - Starting Andmore Remote Device Plugin started.
2019-05-14 15:07:13,507 [Worker-8] DEBUG class java.lang.Class - Starting Andmore Device Services Plugin...
2019-05-14 15:07:13,507 [Worker-8] DEBUG class java.lang.Class - Andmore Device Services Plugin started.
2019-05-14 15:07:13,524 [Instance Event Manager] INFO  Studio for Android - The android device instance status was updated: abc Status: OFF
2019-05-14 15:07:13,526 [Instance Event Manager] INFO  Studio for Android - The android device instance status was updated: abc Status: org.eclipse.andmore.android.emulator.status.notavailable
2019-05-14 15:07:13,603 [Worker-8] ERROR Studio for Android - Handler could not be instanced(PLUGIN=org.eclipse.sequoyah.device.framework;ERROR=202)
2019-05-14 15:07:13,604 [Worker-8] ERROR Studio for Android - Handler could not be instanced(PLUGIN=org.eclipse.sequoyah.device.framework;ERROR=202)
2019-05-14 15:07:13,604 [Worker-8] ERROR Studio for Android - Handler could not be instanced(PLUGIN=org.eclipse.sequoyah.device.framework;ERROR=202)
2019-05-14 15:07:13,604 [Worker-8] ERROR Studio for Android - Handler could not be instanced(PLUGIN=org.eclipse.sequoyah.device.framework;ERROR=202)
2019-05-14 15:07:13,604 [Worker-8] ERROR Studio for Android - Handler could not be instanced(PLUGIN=org.eclipse.sequoyah.device.framework;ERROR=202)
2019-05-14 15:07:13,604 [Worker-8] ERROR Studio for Android - Handler could not be instanced(PLUGIN=org.eclipse.sequoyah.device.framework;ERROR=202)
2019-05-14 15:07:13,604 [Worker-8] ERROR Studio for Android - Handler could not be instanced(PLUGIN=org.eclipse.sequoyah.device.framework;ERROR=202)
2019-05-14 15:07:13,604 [Worker-8] ERROR Studio for Android - Handler could not be instanced(PLUGIN=org.eclipse.sequoyah.device.framework;ERROR=202)
2019-05-14 15:07:13,604 [Worker-8] ERROR Studio for Android - Handler could not be instanced(PLUGIN=org.eclipse.sequoyah.device.framework;ERROR=202)
2019-05-14 15:07:13,604 [Worker-8] ERROR Studio for Android - Handler could not be instanced(PLUGIN=org.eclipse.sequoyah.device.framework;ERROR=202)
2019-05-14 15:07:13,604 [Worker-8] ERROR Studio for Android - Handler could not be instanced(PLUGIN=org.eclipse.sequoyah.device.framework;ERROR=202)
2019-05-14 15:07:13,604 [Worker-8] ERROR Studio for Android - Handler could not be instanced(PLUGIN=org.eclipse.sequoyah.device.framework;ERROR=202)
2019-05-14 15:07:13,604 [Worker-8] ERROR Studio for Android - Handler could not be instanced(PLUGIN=org.eclipse.sequoyah.device.framework;ERROR=202)
2019-05-14 15:07:13,605 [Worker-8] ERROR Studio for Android - Handler could not be instanced(PLUGIN=org.eclipse.sequoyah.device.framework;ERROR=202)
2019-05-14 15:07:13,605 [Worker-8] ERROR Studio for Android - Handler could not be instanced(PLUGIN=org.eclipse.sequoyah.device.framework;ERROR=202)
2019-05-14 15:07:13,605 [Worker-8] ERROR Studio for Android - Handler could not be instanced(PLUGIN=org.eclipse.sequoyah.device.framework;ERROR=202)
2019-05-14 15:07:13,605 [Worker-8] ERROR Studio for Android - Handler could not be instanced(PLUGIN=org.eclipse.sequoyah.device.framework;ERROR=202)
2019-05-14 15:07:13,605 [Worker-8] ERROR Studio for Android - Handler could not be instanced(PLUGIN=org.eclipse.sequoyah.device.framework;ERROR=202)
2019-05-14 15:07:13,605 [Worker-8] ERROR Studio for Android - Handler could not be instanced(PLUGIN=org.eclipse.sequoyah.device.framework;ERROR=202)
2019-05-14 15:07:13,605 [Worker-8] ERROR Studio for Android - Handler could not be instanced(PLUGIN=org.eclipse.sequoyah.device.framework;ERROR=202)
2019-05-14 15:07:13,605 [Worker-8] ERROR Studio for Android - Handler could not be instanced(PLUGIN=org.eclipse.sequoyah.device.framework;ERROR=202)
2019-05-14 15:07:13,605 [Worker-8] ERROR Studio for Android - Handler could not be instanced(PLUGIN=org.eclipse.sequoyah.device.framework;ERROR=202)
2019-05-14 15:07:13,605 [Worker-8] ERROR Studio for Android - Handler could not be instanced(PLUGIN=org.eclipse.sequoyah.device.framework;ERROR=202)
2019-05-14 15:07:13,605 [Worker-8] ERROR Studio for Android - Handler could not be instanced(PLUGIN=org.eclipse.sequoyah.device.framework;ERROR=202)
2019-05-14 15:07:13,605 [Worker-8] ERROR Studio for Android - Handler could not be instanced(PLUGIN=org.eclipse.sequoyah.device.framework;ERROR=202)
2019-05-14 15:07:13,606 [Worker-8] ERROR Studio for Android - Handler could not be instanced(PLUGIN=org.eclipse.sequoyah.device.framework;ERROR=202)
2019-05-14 15:07:13,606 [Worker-8] ERROR Studio for Android - Handler could not be instanced(PLUGIN=org.eclipse.sequoyah.device.framework;ERROR=202)
2019-05-14 15:07:13,606 [Worker-8] ERROR Studio for Android - Handler could not be instanced(PLUGIN=org.eclipse.sequoyah.device.framework;ERROR=202)
2019-05-14 15:07:13,607 [Worker-8] ERROR Studio for Android - Handler could not be instanced(PLUGIN=org.eclipse.sequoyah.device.framework;ERROR=202)
2019-05-14 15:07:13,607 [Worker-8] ERROR Studio for Android - Handler could not be instanced(PLUGIN=org.eclipse.sequoyah.device.framework;ERROR=202)
2019-05-14 15:07:13,607 [Worker-8] INFO  Studio for Android - [Status: id=org.eclipse.andmore.android.emulator.status.offline;name=Offline]
2019-05-14 15:07:13,607 [Worker-8] INFO  Studio for Android - [Status: id=org.eclipse.andmore.android.handset.status.handsetonline;name=Online]
2019-05-14 15:07:13,607 [Worker-8] INFO  Studio for Android - [Status: id=INACTIVE;name=INACTIVE]
2019-05-14 15:07:13,607 [Worker-8] INFO  Studio for Android - [Status: id=org.eclipse.andmore.android.emulator.status.notavailable;name=Not available]
2019-05-14 15:07:13,607 [Worker-8] INFO  Studio for Android - [Status: id=IDLE;name=IDLE]
2019-05-14 15:07:13,607 [Worker-8] INFO  Studio for Android - [Status: id=org.eclipse.andmore.android.remote.status.connected;name=Connected]
2019-05-14 15:07:13,607 [Worker-8] INFO  Studio for Android - [Status: id=org.eclipse.andmore.android.remote.status.disconnected;name=Disconnected]
2019-05-14 15:07:13,607 [Worker-8] INFO  Studio for Android - [Status: id=org.eclipse.andmore.android.emulator.status.online;name=Online]
2019-05-14 15:07:13,607 [Worker-8] INFO  Studio for Android - [Status: id=OFF;name=OFF]
2019-05-14 15:07:13,607 [Worker-8] INFO  Studio for Android - [Status: id=org.eclipse.andmore.android.emulator.status.offlineNoData;name=Offline (no user data)]
2019-05-14 15:07:29,612 [main] DEBUG class java.lang.Class - Starting Eclipse Andmore Database Core Plugin...
2019-05-14 15:07:29,748 [main] DEBUG Studio for Android - JDBC Driver Location:bundleentry://1226.fwk1899404826/res/androidjdbc.jar JDBC Driver getBundle().getLocation():reference:file:plugins/org.eclipse.andmore.android.common_0.5.1.201701251432.jar
2019-05-14 15:07:29,762 [main] DEBUG Studio for Android - JDBC Driver Path:C:\Users\NavneetKumar\Documents\eclipse\configuration\org.eclipse.osgi\1226\0\.cp\res\androidjdbc.jar
2019-05-14 15:07:29,762 [main] DEBUG Studio for Android - JDBC Driver Location:bundleentry://1226.fwk1899404826/res/androidjdbc.jar JDBC Driver getBundle().getLocation():reference:file:plugins/org.eclipse.andmore.android.common_0.5.1.201701251432.jar
2019-05-14 15:07:29,762 [main] DEBUG Studio for Android - JDBC Driver Path:C:\Users\NavneetKumar\Documents\eclipse\configuration\org.eclipse.osgi\1226\0\.cp\res\androidjdbc.jar
2019-05-14 15:07:29,768 [main] INFO  Studio for Android - Created a JDBC driver instance at Data Tools.
2019-05-14 15:07:29,774 [main] DEBUG class java.lang.Class - Eclipse Andmore Database Core Plugin started.
2019-05-14 15:07:29,775 [main] DEBUG class java.lang.Class - Starting Eclipse Andmore Database Devices Support Plugin...
2019-05-14 15:07:29,777 [main] DEBUG class java.lang.Class - Eclipse Andmore Database Devices Support Plugin started...
2019-05-14 15:07:31,080 [Framework stop] DEBUG Studio for Android - org.eclipse.sequoyah.device.service.start.StartServicePlugin-SHUTDOWN
2019-05-14 15:07:31,132 [Framework stop] DEBUG Studio for Android - org.eclipse.sequoyah.device.framework.ui.DeviceUIPlugin-SHUTDOWN
2019-05-14 15:07:31,133 [Framework stop] DEBUG Studio for Android - org.eclipse.sequoyah.device.service.stop.StopServicePlugin-SHUTDOWN
2019-05-14 15:07:31,133 [Framework stop] DEBUG Studio for Android - org.eclipse.sequoyah.device.framework.DevicePlugin-SHUTDOWN
2019-05-14 15:08:23,018 [Worker-0] DEBUG class java.lang.Class - Starting Andmore Common Plugin...
2019-05-14 15:08:23,019 [Worker-0] DEBUG class java.lang.Class - Andmore Common Plugin started.
2019-05-14 15:08:23,019 [Worker-0] DEBUG class java.lang.Class - Starting Andmore Plugin...
2019-05-14 15:08:23,026 [Worker-0] DEBUG class java.lang.Class - Andmore Plugin started.
2019-05-14 15:08:23,153 [Worker-5] DEBUG class org.eclipse.andmore.android.AndroidPlugin - Notify SDK loader listeners
2019-05-14 15:08:23,216 [Worker-3] DEBUG class org.eclipse.andmore.android.AndroidPlugin - Notify SDK loader listeners
2019-05-14 15:08:23,513 [Worker-0] DEBUG class java.lang.Class - Starting Andmore Emulator Plugin...
2019-05-14 15:08:23,552 [Worker-0] DEBUG class java.lang.Class - Starting Andmore Handset Plugin...
2019-05-14 15:08:23,558 [Worker-0] DEBUG class java.lang.Class - Andmore Handset Plugin started.
2019-05-14 15:08:23,562 [Worker-0] DEBUG class java.lang.Class - Starting Andmore Remote Device Plugin...
2019-05-14 15:08:23,563 [Worker-0] DEBUG class java.lang.Class - Starting Andmore Remote Device Plugin started.
2019-05-14 15:08:23,591 [Worker-0] DEBUG class java.lang.Class - Starting Andmore Device Services Plugin...
2019-05-14 15:08:23,592 [Worker-0] DEBUG class java.lang.Class - Andmore Device Services Plugin started.
2019-05-14 15:08:23,623 [Instance Event Manager] INFO  Studio for Android - The android device instance status was updated: abc Status: OFF
2019-05-14 15:08:23,638 [Worker-0] DEBUG class java.lang.Class - Andmore Emulator Plugin started.
2019-05-14 15:08:23,643 [Instance Event Manager] INFO  Studio for Android - The android device instance status was updated: abc Status: org.eclipse.andmore.android.emulator.status.notavailable
2019-05-14 15:08:24,258 [Instance Event Manager] INFO  Studio for Android - The android device instance status was updated: abc Status: org.eclipse.andmore.android.emulator.status.notavailable
2019-05-14 15:08:33,477 [Worker-0] ERROR Studio for Android - Handler could not be instanced(PLUGIN=org.eclipse.sequoyah.device.framework;ERROR=202)
2019-05-14 15:08:33,481 [Worker-0] ERROR Studio for Android - Handler could not be instanced(PLUGIN=org.eclipse.sequoyah.device.framework;ERROR=202)
2019-05-14 15:08:33,481 [Worker-0] ERROR Studio for Android - Handler could not be instanced(PLUGIN=org.eclipse.sequoyah.device.framework;ERROR=202)
2019-05-14 15:08:33,482 [Worker-0] ERROR Studio for Android - Handler could not be instanced(PLUGIN=org.eclipse.sequoyah.device.framework;ERROR=202)
2019-05-14 15:08:33,482 [Worker-0] ERROR Studio for Android - Handler could not be instanced(PLUGIN=org.eclipse.sequoyah.device.framework;ERROR=202)
2019-05-14 15:08:33,482 [Worker-0] ERROR Studio for Android - Handler could not be instanced(PLUGIN=org.eclipse.sequoyah.device.framework;ERROR=202)
2019-05-14 15:08:33,482 [Worker-0] ERROR Studio for Android - Handler could not be instanced(PLUGIN=org.eclipse.sequoyah.device.framework;ERROR=202)
2019-05-14 15:08:33,482 [Worker-0] ERROR Studio for Android - Handler could not be instanced(PLUGIN=org.eclipse.sequoyah.device.framework;ERROR=202)
2019-05-14 15:08:33,482 [Worker-0] ERROR Studio for Android - Handler could not be instanced(PLUGIN=org.eclipse.sequoyah.device.framework;ERROR=202)
2019-05-14 15:08:33,482 [Worker-0] ERROR Studio for Android - Handler could not be instanced(PLUGIN=org.eclipse.sequoyah.device.framework;ERROR=202)
2019-05-14 15:08:33,483 [Worker-0] ERROR Studio for Android - Handler could not be instanced(PLUGIN=org.eclipse.sequoyah.device.framework;ERROR=202)
2019-05-14 15:08:33,483 [Worker-0] ERROR Studio for Android - Handler could not be instanced(PLUGIN=org.eclipse.sequoyah.device.framework;ERROR=202)
2019-05-14 15:08:33,483 [Worker-0] ERROR Studio for Android - Handler could not be instanced(PLUGIN=org.eclipse.sequoyah.device.framework;ERROR=202)
2019-05-14 15:08:33,483 [Worker-0] ERROR Studio for Android - Handler could not be instanced(PLUGIN=org.eclipse.sequoyah.device.framework;ERROR=202)
2019-05-14 15:08:33,483 [Worker-0] ERROR Studio for Android - Handler could not be instanced(PLUGIN=org.eclipse.sequoyah.device.framework;ERROR=202)
2019-05-14 15:08:33,483 [Worker-0] ERROR Studio for Android - Handler could not be instanced(PLUGIN=org.eclipse.sequoyah.device.framework;ERROR=202)
2019-05-14 15:08:33,483 [Worker-0] ERROR Studio for Android - Handler could not be instanced(PLUGIN=org.eclipse.sequoyah.device.framework;ERROR=202)
2019-05-14 15:08:33,483 [Worker-0] ERROR Studio for Android - Handler could not be instanced(PLUGIN=org.eclipse.sequoyah.device.framework;ERROR=202)
2019-05-14 15:08:33,483 [Worker-0] ERROR Studio for Android - Handler could not be instanced(PLUGIN=org.eclipse.sequoyah.device.framework;ERROR=202)
2019-05-14 15:08:33,483 [Worker-0] ERROR Studio for Android - Handler could not be instanced(PLUGIN=org.eclipse.sequoyah.device.framework;ERROR=202)
2019-05-14 15:08:33,484 [Worker-0] ERROR Studio for Android - Handler could not be instanced(PLUGIN=org.eclipse.sequoyah.device.framework;ERROR=202)
2019-05-14 15:08:33,484 [Worker-0] ERROR Studio for Android - Handler could not be instanced(PLUGIN=org.eclipse.sequoyah.device.framework;ERROR=202)
2019-05-14 15:08:33,484 [Worker-0] ERROR Studio for Android - Handler could not be instanced(PLUGIN=org.eclipse.sequoyah.device.framework;ERROR=202)
2019-05-14 15:08:33,484 [Worker-0] ERROR Studio for Android - Handler could not be instanced(PLUGIN=org.eclipse.sequoyah.device.framework;ERROR=202)
2019-05-14 15:08:33,484 [Worker-0] ERROR Studio for Android - Handler could not be instanced(PLUGIN=org.eclipse.sequoyah.device.framework;ERROR=202)
2019-05-14 15:08:33,484 [Worker-0] ERROR Studio for Android - Handler could not be instanced(PLUGIN=org.eclipse.sequoyah.device.framework;ERROR=202)
2019-05-14 15:08:33,484 [Worker-0] ERROR Studio for Android - Handler could not be instanced(PLUGIN=org.eclipse.sequoyah.device.framework;ERROR=202)
2019-05-14 15:08:33,484 [Worker-0] ERROR Studio for Android - Handler could not be instanced(PLUGIN=org.eclipse.sequoyah.device.framework;ERROR=202)
2019-05-14 15:08:33,484 [Worker-0] ERROR Studio for Android - Handler could not be instanced(PLUGIN=org.eclipse.sequoyah.device.framework;ERROR=202)
2019-05-14 15:08:33,484 [Worker-0] ERROR Studio for Android - Handler could not be instanced(PLUGIN=org.eclipse.sequoyah.device.framework;ERROR=202)
2019-05-14 15:08:33,484 [Worker-0] INFO  Studio for Android - [Status: id=org.eclipse.andmore.android.emulator.status.offline;name=Offline]
2019-05-14 15:08:33,484 [Worker-0] INFO  Studio for Android - [Status: id=org.eclipse.andmore.android.handset.status.handsetonline;name=Online]
2019-05-14 15:08:33,484 [Worker-0] INFO  Studio for Android - [Status: id=INACTIVE;name=INACTIVE]
2019-05-14 15:08:33,484 [Worker-0] INFO  Studio for Android - [Status: id=org.eclipse.andmore.android.emulator.status.notavailable;name=Not available]
2019-05-14 15:08:33,484 [Worker-0] INFO  Studio for Android - [Status: id=IDLE;name=IDLE]
2019-05-14 15:08:33,485 [Worker-0] INFO  Studio for Android - [Status: id=org.eclipse.andmore.android.remote.status.connected;name=Connected]
2019-05-14 15:08:33,485 [Worker-0] INFO  Studio for Android - [Status: id=org.eclipse.andmore.android.remote.status.disconnected;name=Disconnected]
2019-05-14 15:08:33,485 [Worker-0] INFO  Studio for Android - [Status: id=org.eclipse.andmore.android.emulator.status.online;name=Online]
2019-05-14 15:08:33,485 [Worker-0] INFO  Studio for Android - [Status: id=OFF;name=OFF]
2019-05-14 15:08:33,485 [Worker-0] INFO  Studio for Android - [Status: id=org.eclipse.andmore.android.emulator.status.offlineNoData;name=Offline (no user data)]
2019-05-14 15:16:09,478 [main] DEBUG class java.lang.Class - Starting Eclipse Andmore Database Core Plugin...
2019-05-14 15:16:09,561 [main] DEBUG Studio for Android - JDBC Driver Location:bundleentry://1226.fwk1899404826/res/androidjdbc.jar JDBC Driver getBundle().getLocation():reference:file:plugins/org.eclipse.andmore.android.common_0.5.1.201701251432.jar
2019-05-14 15:16:09,562 [main] DEBUG Studio for Android - JDBC Driver Path:C:\Users\NavneetKumar\Documents\eclipse\configuration\org.eclipse.osgi\1226\0\.cp\res\androidjdbc.jar
2019-05-14 15:16:09,562 [main] DEBUG Studio for Android - JDBC Driver Location:bundleentry://1226.fwk1899404826/res/androidjdbc.jar JDBC Driver getBundle().getLocation():reference:file:plugins/org.eclipse.andmore.android.common_0.5.1.201701251432.jar
2019-05-14 15:16:09,562 [main] DEBUG Studio for Android - JDBC Driver Path:C:\Users\NavneetKumar\Documents\eclipse\configuration\org.eclipse.osgi\1226\0\.cp\res\androidjdbc.jar
2019-05-14 15:16:09,568 [main] DEBUG class java.lang.Class - Eclipse Andmore Database Core Plugin started.
2019-05-14 15:16:09,568 [main] DEBUG class java.lang.Class - Starting Eclipse Andmore Database Devices Support Plugin...
2019-05-14 15:16:09,570 [main] DEBUG class java.lang.Class - Eclipse Andmore Database Devices Support Plugin started...
2019-05-14 15:16:10,421 [Framework stop] DEBUG Studio for Android - org.eclipse.sequoyah.device.service.start.StartServicePlugin-SHUTDOWN
2019-05-14 15:16:10,460 [Framework stop] DEBUG Studio for Android - org.eclipse.sequoyah.device.framework.ui.DeviceUIPlugin-SHUTDOWN
2019-05-14 15:16:10,460 [Framework stop] DEBUG Studio for Android - org.eclipse.sequoyah.device.service.stop.StopServicePlugin-SHUTDOWN
2019-05-14 15:16:10,460 [Framework stop] DEBUG Studio for Android - org.eclipse.sequoyah.device.framework.DevicePlugin-SHUTDOWN
2019-05-14 15:16:50,642 [Worker-2] DEBUG class java.lang.Class - Starting Andmore Common Plugin...
2019-05-14 15:16:50,642 [Worker-2] DEBUG class java.lang.Class - Andmore Common Plugin started.
2019-05-14 15:16:50,644 [Worker-2] DEBUG class java.lang.Class - Starting Andmore Plugin...
2019-05-14 15:16:50,646 [Worker-2] DEBUG class java.lang.Class - Andmore Plugin started.
2019-05-14 15:16:50,678 [Worker-2] DEBUG class java.lang.Class - Starting Andmore Emulator Plugin...
2019-05-14 15:16:50,713 [Worker-2] DEBUG class java.lang.Class - Andmore Emulator Plugin started.
2019-05-14 15:16:50,742 [Worker-2] DEBUG class java.lang.Class - Starting Andmore Handset Plugin...
2019-05-14 15:16:50,742 [Worker-2] DEBUG class java.lang.Class - Andmore Handset Plugin started.
2019-05-14 15:16:50,746 [Worker-2] DEBUG class java.lang.Class - Starting Andmore Remote Device Plugin...
2019-05-14 15:16:50,746 [Worker-2] DEBUG class java.lang.Class - Starting Andmore Remote Device Plugin started.
2019-05-14 15:16:50,758 [Worker-2] DEBUG class java.lang.Class - Starting Andmore Device Services Plugin...
2019-05-14 15:16:50,758 [Worker-2] DEBUG class java.lang.Class - Andmore Device Services Plugin started.
2019-05-14 15:16:50,878 [Instance Event Manager] INFO  Studio for Android - The android device instance status was updated: abc Status: OFF
2019-05-14 15:16:50,880 [Worker-2] ERROR Studio for Android - Handler could not be instanced(PLUGIN=org.eclipse.sequoyah.device.framework;ERROR=202)
2019-05-14 15:16:50,916 [Worker-2] ERROR Studio for Android - Handler could not be instanced(PLUGIN=org.eclipse.sequoyah.device.framework;ERROR=202)
2019-05-14 15:16:50,916 [Worker-2] ERROR Studio for Android - Handler could not be instanced(PLUGIN=org.eclipse.sequoyah.device.framework;ERROR=202)
2019-05-14 15:16:50,916 [Worker-2] ERROR Studio for Android - Handler could not be instanced(PLUGIN=org.eclipse.sequoyah.device.framework;ERROR=202)
2019-05-14 15:16:50,916 [Worker-2] ERROR Studio for Android - Handler could not be instanced(PLUGIN=org.eclipse.sequoyah.device.framework;ERROR=202)
2019-05-14 15:16:50,916 [Worker-2] ERROR Studio for Android - Handler could not be instanced(PLUGIN=org.eclipse.sequoyah.device.framework;ERROR=202)
2019-05-14 15:16:50,916 [Worker-2] ERROR Studio for Android - Handler could not be instanced(PLUGIN=org.eclipse.sequoyah.device.framework;ERROR=202)
2019-05-14 15:16:50,916 [Worker-2] ERROR Studio for Android - Handler could not be instanced(PLUGIN=org.eclipse.sequoyah.device.framework;ERROR=202)
2019-05-14 15:16:50,916 [Worker-2] ERROR Studio for Android - Handler could not be instanced(PLUGIN=org.eclipse.sequoyah.device.framework;ERROR=202)
2019-05-14 15:16:50,916 [Worker-2] ERROR Studio for Android - Handler could not be instanced(PLUGIN=org.eclipse.sequoyah.device.framework;ERROR=202)
2019-05-14 15:16:50,916 [Worker-2] ERROR Studio for Android - Handler could not be instanced(PLUGIN=org.eclipse.sequoyah.device.framework;ERROR=202)
2019-05-14 15:16:50,917 [Worker-2] ERROR Studio for Android - Handler could not be instanced(PLUGIN=org.eclipse.sequoyah.device.framework;ERROR=202)
2019-05-14 15:16:50,917 [Worker-2] ERROR Studio for Android - Handler could not be instanced(PLUGIN=org.eclipse.sequoyah.device.framework;ERROR=202)
2019-05-14 15:16:50,917 [Worker-2] ERROR Studio for Android - Handler could not be instanced(PLUGIN=org.eclipse.sequoyah.device.framework;ERROR=202)
2019-05-14 15:16:50,917 [Worker-2] ERROR Studio for Android - Handler could not be instanced(PLUGIN=org.eclipse.sequoyah.device.framework;ERROR=202)
2019-05-14 15:16:50,917 [Worker-2] ERROR Studio for Android - Handler could not be instanced(PLUGIN=org.eclipse.sequoyah.device.framework;ERROR=202)
2019-05-14 15:16:50,917 [Worker-2] ERROR Studio for Android - Handler could not be instanced(PLUGIN=org.eclipse.sequoyah.device.framework;ERROR=202)
2019-05-14 15:16:50,917 [Worker-2] ERROR Studio for Android - Handler could not be instanced(PLUGIN=org.eclipse.sequoyah.device.framework;ERROR=202)
2019-05-14 15:16:50,917 [Worker-2] ERROR Studio for Android - Handler could not be instanced(PLUGIN=org.eclipse.sequoyah.device.framework;ERROR=202)
2019-05-14 15:16:50,917 [Worker-2] ERROR Studio for Android - Handler could not be instanced(PLUGIN=org.eclipse.sequoyah.device.framework;ERROR=202)
2019-05-14 15:16:50,917 [Worker-2] ERROR Studio for Android - Handler could not be instanced(PLUGIN=org.eclipse.sequoyah.device.framework;ERROR=202)
2019-05-14 15:16:50,917 [Worker-2] ERROR Studio for Android - Handler could not be instanced(PLUGIN=org.eclipse.sequoyah.device.framework;ERROR=202)
2019-05-14 15:16:50,917 [Worker-2] ERROR Studio for Android - Handler could not be instanced(PLUGIN=org.eclipse.sequoyah.device.framework;ERROR=202)
2019-05-14 15:16:50,917 [Worker-2] ERROR Studio for Android - Handler could not be instanced(PLUGIN=org.eclipse.sequoyah.device.framework;ERROR=202)
2019-05-14 15:16:50,917 [Worker-2] ERROR Studio for Android - Handler could not be instanced(PLUGIN=org.eclipse.sequoyah.device.framework;ERROR=202)
2019-05-14 15:16:50,917 [Worker-2] ERROR Studio for Android - Handler could not be instanced(PLUGIN=org.eclipse.sequoyah.device.framework;ERROR=202)
2019-05-14 15:16:50,917 [Worker-2] ERROR Studio for Android - Handler could not be instanced(PLUGIN=org.eclipse.sequoyah.device.framework;ERROR=202)
2019-05-14 15:16:50,917 [Worker-2] ERROR Studio for Android - Handler could not be instanced(PLUGIN=org.eclipse.sequoyah.device.framework;ERROR=202)
2019-05-14 15:16:50,917 [Worker-2] ERROR Studio for Android - Handler could not be instanced(PLUGIN=org.eclipse.sequoyah.device.framework;ERROR=202)
2019-05-14 15:16:50,918 [Worker-2] ERROR Studio for Android - Handler could not be instanced(PLUGIN=org.eclipse.sequoyah.device.framework;ERROR=202)
2019-05-14 15:16:50,918 [Worker-2] INFO  Studio for Android - [Status: id=org.eclipse.andmore.android.emulator.status.offline;name=Offline]
2019-05-14 15:16:50,918 [Worker-2] INFO  Studio for Android - [Status: id=org.eclipse.andmore.android.handset.status.handsetonline;name=Online]
2019-05-14 15:16:50,918 [Worker-2] INFO  Studio for Android - [Status: id=INACTIVE;name=INACTIVE]
2019-05-14 15:16:50,918 [Worker-2] INFO  Studio for Android - [Status: id=org.eclipse.andmore.android.emulator.status.notavailable;name=Not available]
2019-05-14 15:16:50,918 [Worker-2] INFO  Studio for Android - [Status: id=IDLE;name=IDLE]
2019-05-14 15:16:50,918 [Worker-2] INFO  Studio for Android - [Status: id=org.eclipse.andmore.android.remote.status.connected;name=Connected]
2019-05-14 15:16:50,918 [Worker-2] INFO  Studio for Android - [Status: id=org.eclipse.andmore.android.remote.status.disconnected;name=Disconnected]
2019-05-14 15:16:50,918 [Worker-2] INFO  Studio for Android - [Status: id=org.eclipse.andmore.android.emulator.status.online;name=Online]
2019-05-14 15:16:50,918 [Worker-2] INFO  Studio for Android - [Status: id=OFF;name=OFF]
2019-05-14 15:16:50,918 [Worker-2] INFO  Studio for Android - [Status: id=org.eclipse.andmore.android.emulator.status.offlineNoData;name=Offline (no user data)]
2019-05-14 15:16:50,925 [Worker-7] DEBUG class org.eclipse.andmore.android.AndroidPlugin - Notify SDK loader listeners
2019-05-14 15:16:50,943 [Worker-7] ERROR class org.eclipse.andmore.android.SdkUtils - Error while reloading AVDs
2019-05-14 15:16:50,949 [Instance Event Manager] INFO  Studio for Android - The android device instance status was updated: abc Status: org.eclipse.andmore.android.emulator.status.notavailable
2019-05-14 15:16:51,048 [Worker-3] DEBUG class org.eclipse.andmore.android.AndroidPlugin - Notify SDK loader listeners
2019-05-14 15:21:55,259 [main] DEBUG class java.lang.Class - Starting Eclipse Andmore Database Core Plugin...
2019-05-14 15:21:55,337 [main] DEBUG Studio for Android - JDBC Driver Location:bundleentry://1226.fwk1899404826/res/androidjdbc.jar JDBC Driver getBundle().getLocation():reference:file:plugins/org.eclipse.andmore.android.common_0.5.1.201701251432.jar
2019-05-14 15:21:55,337 [main] DEBUG Studio for Android - JDBC Driver Path:C:\Users\NavneetKumar\Documents\eclipse\configuration\org.eclipse.osgi\1226\0\.cp\res\androidjdbc.jar
2019-05-14 15:21:55,338 [main] DEBUG Studio for Android - JDBC Driver Location:bundleentry://1226.fwk1899404826/res/androidjdbc.jar JDBC Driver getBundle().getLocation():reference:file:plugins/org.eclipse.andmore.android.common_0.5.1.201701251432.jar
2019-05-14 15:21:55,338 [main] DEBUG Studio for Android - JDBC Driver Path:C:\Users\NavneetKumar\Documents\eclipse\configuration\org.eclipse.osgi\1226\0\.cp\res\androidjdbc.jar
2019-05-14 15:21:55,346 [main] DEBUG class java.lang.Class - Eclipse Andmore Database Core Plugin started.
2019-05-14 15:21:55,346 [main] DEBUG class java.lang.Class - Starting Eclipse Andmore Database Devices Support Plugin...
2019-05-14 15:21:55,349 [main] DEBUG class java.lang.Class - Eclipse Andmore Database Devices Support Plugin started...
2019-05-14 15:21:56,371 [Framework stop] DEBUG Studio for Android - org.eclipse.sequoyah.device.service.start.StartServicePlugin-SHUTDOWN
2019-05-14 15:21:56,416 [Framework stop] DEBUG Studio for Android - org.eclipse.sequoyah.device.framework.ui.DeviceUIPlugin-SHUTDOWN
2019-05-14 15:21:56,417 [Framework stop] DEBUG Studio for Android - org.eclipse.sequoyah.device.service.stop.StopServicePlugin-SHUTDOWN
2019-05-14 15:21:56,417 [Framework stop] DEBUG Studio for Android - org.eclipse.sequoyah.device.framework.DevicePlugin-SHUTDOWN
